<?xml version="1.0" encoding="UTF-8"?>
<!-- Generated by org.testng.reporters.JUnitReportReporter -->
<testsuite hostname="DESKTOP-M2NN6CV" failures="0" tests="1" name="com.WeWorkRemotely.Test.WeWorkRemotelyTest" time="98.886" errors="0" timestamp="2022-03-29T22:25:19 IST" skipped="0">
  <testcase classname="com.WeWorkRemotely.Test.WeWorkRemotelyTest" name="getCompanyNames" time="98.886"/>
  <system-out/>
</testsuite> <!-- com.WeWorkRemotely.Test.WeWorkRemotelyTest -->
