<?xml version="1.0" encoding="UTF-8"?>
<!-- Generated by org.testng.reporters.JUnitReportReporter -->
<testsuite hostname="DESKTOP-M2NN6CV" failures="0" tests="1" name="com.generics.TestBase" time="2.842" errors="0" timestamp="2022-03-29T18:04:47 IST" skipped="0">
  <testcase classname="com.generics.TestBase" name="generateExcel" time="2.842"/>
  <system-out/>
</testsuite> <!-- com.generics.TestBase -->
