<?xml version="1.0" encoding="UTF-8"?>
<!-- Generated by org.testng.reporters.JUnitReportReporter -->
<testsuite hostname="DESKTOP-M2NN6CV" failures="0" tests="1" name="com.generics.CreateExcel" time="0.885" errors="0" timestamp="2022-03-25T16:02:43 IST" skipped="0">
  <testcase classname="com.generics.CreateExcel" name="inputexcel" time="0.885"/>
  <system-out/>
</testsuite> <!-- com.generics.CreateExcel -->
