<?xml version="1.0" encoding="UTF-8"?>
<!-- Generated by org.testng.reporters.JUnitReportReporter -->
<testsuite hostname="DESKTOP-M2NN6CV" failures="0" tests="1" name="com.WeWorkRemotely.Test.RemoteOkTest" time="71.923" errors="0" timestamp="2022-04-04T17:39:39 IST" skipped="0">
  <testcase classname="com.WeWorkRemotely.Test.RemoteOkTest" name="getNamesfromRemoteHub" time="71.923"/>
  <system-out/>
</testsuite> <!-- com.WeWorkRemotely.Test.RemoteOkTest -->
