<?xml version="1.0" encoding="UTF-8"?>
<!-- Generated by org.testng.reporters.JUnitReportReporter -->
<testsuite hostname="DESKTOP-M2NN6CV" failures="0" tests="1" name="com.WeWorkRemotely.Test.DiceTest" time="125.945" errors="0" timestamp="2022-04-05T22:38:16 IST" skipped="0">
  <testcase classname="com.WeWorkRemotely.Test.DiceTest" name="getCompanyNames" time="125.945"/>
  <system-out/>
</testsuite> <!-- com.WeWorkRemotely.Test.DiceTest -->
