<?xml version="1.0" encoding="UTF-8"?>
<!-- Generated by org.testng.reporters.JUnitReportReporter -->
<testsuite hostname="DESKTOP-M2NN6CV" failures="0" tests="1" name="com.WeWorkRemotely.Test.RemotiveTest" time="581.090" errors="0" timestamp="2022-04-11T18:56:06 IST" skipped="0">
  <testcase classname="com.WeWorkRemotely.Test.RemotiveTest" name="getRemotiveData" time="581.090"/>
  <system-out/>
</testsuite> <!-- com.WeWorkRemotely.Test.RemotiveTest -->
