<?xml version="1.0" encoding="UTF-8"?>
<!-- Generated by org.testng.reporters.JUnitReportReporter -->
<testsuite hostname="DESKTOP-M2NN6CV" failures="0" tests="1" name="com.WeWorkRemotely.Test.DiceTest" time="101.367" errors="0" timestamp="2022-04-11T18:56:06 IST" skipped="0">
  <testcase classname="com.WeWorkRemotely.Test.DiceTest" name="getCompanyNames" time="101.367"/>
  <system-out/>
</testsuite> <!-- com.WeWorkRemotely.Test.DiceTest -->
